<?xml version="1.0" encoding="UTF-8"?>
<testsuite name="nl.delaparra_services.apps.eupay.util.UuidV6Test" tests="12" skipped="0" failures="0" errors="0" timestamp="2026-02-10T21:11:06.346Z" hostname="EliteBook-X" time="0.161">
  <properties/>
  <testcase name="version nibble is 6" classname="nl.delaparra_services.apps.eupay.util.UuidV6Test" time="0.0"/>
  <testcase name="isValid returns false for garbage string" classname="nl.delaparra_services.apps.eupay.util.UuidV6Test" time="0.0"/>
  <testcase name="clock sequence handles same-millisecond generation" classname="nl.delaparra_services.apps.eupay.util.UuidV6Test" time="0.001"/>
  <testcase name="generated UUIDs are unique" classname="nl.delaparra_services.apps.eupay.util.UuidV6Test" time="0.004"/>
  <testcase name="isValid returns false for UUIDv4" classname="nl.delaparra_services.apps.eupay.util.UuidV6Test" time="0.0"/>
  <testcase name="timestamps of sequential UUIDs are non-decreasing" classname="nl.delaparra_services.apps.eupay.util.UuidV6Test" time="0.042"/>
  <testcase name="generate returns UUIDv6 version" classname="nl.delaparra_services.apps.eupay.util.UuidV6Test" time="0.001"/>
  <testcase name="extractTimestamp returns approximate current time" classname="nl.delaparra_services.apps.eupay.util.UuidV6Test" time="0.002"/>
  <testcase name="isValid returns true for valid UUIDv6" classname="nl.delaparra_services.apps.eupay.util.UuidV6Test" time="0.0"/>
  <testcase name="generated UUIDs are time-ordered (lexicographically sortable)" classname="nl.delaparra_services.apps.eupay.util.UuidV6Test" time="0.111"/>
  <testcase name="variant bits are RFC 4122" classname="nl.delaparra_services.apps.eupay.util.UuidV6Test" time="0.0"/>
  <testcase name="generate returns valid UUID format" classname="nl.delaparra_services.apps.eupay.util.UuidV6Test" time="0.0"/>
  <system-out><![CDATA[]]></system-out>
  <system-err><![CDATA[]]></system-err>
</testsuite>
