<?xml version="1.0" encoding="UTF-8"?>
<testsuite name="nl.delaparra_services.apps.eupay.hce.HcePaymentDataHolderTest" tests="5" skipped="0" failures="0" errors="0" timestamp="2026-02-10T21:11:05.282Z" hostname="EliteBook-X" time="0.001">
  <properties/>
  <testcase name="clear resets state" classname="nl.delaparra_services.apps.eupay.hce.HcePaymentDataHolderTest" time="0.0"/>
  <testcase name="payload data is accessible" classname="nl.delaparra_services.apps.eupay.hce.HcePaymentDataHolderTest" time="0.001"/>
  <testcase name="setPayload makes it ready" classname="nl.delaparra_services.apps.eupay.hce.HcePaymentDataHolderTest" time="0.0"/>
  <testcase name="setPayload replaces previous payload" classname="nl.delaparra_services.apps.eupay.hce.HcePaymentDataHolderTest" time="0.0"/>
  <testcase name="initially not ready" classname="nl.delaparra_services.apps.eupay.hce.HcePaymentDataHolderTest" time="0.0"/>
  <system-out><![CDATA[]]></system-out>
  <system-err><![CDATA[]]></system-err>
</testsuite>
