<?xml version="1.0" encoding="UTF-8"?>
<testsuite name="nl.delaparra_services.apps.eupay.service.PaymentServiceTest" tests="11" skipped="0" failures="0" errors="0" timestamp="2026-02-10T22:03:48.565Z" hostname="EliteBook-X" time="0.033">
  <properties/>
  <testcase name="clearActivePayment clears holder" classname="nl.delaparra_services.apps.eupay.service.PaymentServiceTest" time="0.0"/>
  <testcase name="provisionCard rejects blank fingerprint" classname="nl.delaparra_services.apps.eupay.service.PaymentServiceTest" time="0.002"/>
  <testcase name="provisionCard success" classname="nl.delaparra_services.apps.eupay.service.PaymentServiceTest" time="0.004"/>
  <testcase name="activateForPayment failure does not set holder" classname="nl.delaparra_services.apps.eupay.service.PaymentServiceTest" time="0.004"/>
  <testcase name="provisionCard API error returns failure" classname="nl.delaparra_services.apps.eupay.service.PaymentServiceTest" time="0.004"/>
  <testcase name="refreshToken success" classname="nl.delaparra_services.apps.eupay.service.PaymentServiceTest" time="0.003"/>
  <testcase name="deactivateToken clears holder" classname="nl.delaparra_services.apps.eupay.service.PaymentServiceTest" time="0.005"/>
  <testcase name="provisionCard rejects blank cardId" classname="nl.delaparra_services.apps.eupay.service.PaymentServiceTest" time="0.002"/>
  <testcase name="provisionCard network error returns failure" classname="nl.delaparra_services.apps.eupay.service.PaymentServiceTest" time="0.004"/>
  <testcase name="activateForPayment success sets HcePaymentDataHolder" classname="nl.delaparra_services.apps.eupay.service.PaymentServiceTest" time="0.003"/>
  <testcase name="isReadyForPayment returns false initially" classname="nl.delaparra_services.apps.eupay.service.PaymentServiceTest" time="0.0"/>
  <system-out><![CDATA[]]></system-out>
  <system-err><![CDATA[]]></system-err>
</testsuite>
