<?xml version="1.0" encoding="UTF-8"?>
<testsuite name="nl.delaparra_services.apps.eupay.util.DeviceFingerprintTest" tests="8" skipped="0" failures="0" errors="0" timestamp="2026-02-10T21:11:06.251Z" hostname="EliteBook-X" time="0.094">
  <properties/>
  <testcase name="generate throws when consent not given" classname="nl.delaparra_services.apps.eupay.util.DeviceFingerprintTest" time="0.09"/>
  <testcase name="sha256 handles unicode" classname="nl.delaparra_services.apps.eupay.util.DeviceFingerprintTest" time="0.001"/>
  <testcase name="ConsentRequiredException has informative message" classname="nl.delaparra_services.apps.eupay.util.DeviceFingerprintTest" time="0.0"/>
  <testcase name="sha256 is deterministic" classname="nl.delaparra_services.apps.eupay.util.DeviceFingerprintTest" time="0.001"/>
  <testcase name="sha256 known vector" classname="nl.delaparra_services.apps.eupay.util.DeviceFingerprintTest" time="0.0"/>
  <testcase name="sha256 returns 64 hex chars" classname="nl.delaparra_services.apps.eupay.util.DeviceFingerprintTest" time="0.0"/>
  <testcase name="ConsentRequiredException is IllegalStateException" classname="nl.delaparra_services.apps.eupay.util.DeviceFingerprintTest" time="0.0"/>
  <testcase name="sha256 different inputs produce different hashes" classname="nl.delaparra_services.apps.eupay.util.DeviceFingerprintTest" time="0.001"/>
  <system-out><![CDATA[]]></system-out>
  <system-err><![CDATA[]]></system-err>
</testsuite>
